<?xml version="1.0" encoding="UTF-8"?>
<testng-results ignored="0" total="1" passed="1" failed="0" skipped="0">
  <reporter-output>
  </reporter-output>
  <suite started-at="2022-03-08T16:38:47 COT" name="Default suite" finished-at="2022-03-08T16:39:00 COT" duration-ms="13017">
    <groups>
    </groups>
    <test started-at="2022-03-08T16:38:47 COT" name="Default test" finished-at="2022-03-08T16:39:00 COT" duration-ms="13017">
      <class name="datepicker.DaterPickerTest">
        <test-method is-config="true" signature="setUp()[pri:0, instance:datepicker.DaterPickerTest@35aea049]" started-at="2022-03-08T16:38:47 COT" name="setUp" finished-at="2022-03-08T16:38:51 COT" duration-ms="4221" status="PASS">
          <reporter-output>
          </reporter-output>
        </test-method> <!-- setUp -->
        <test-method signature="currentDate()[pri:0, instance:datepicker.DaterPickerTest@35aea049]" started-at="2022-03-08T16:38:51 COT" name="currentDate" finished-at="2022-03-08T16:39:00 COT" duration-ms="8748" status="PASS">
          <reporter-output>
          </reporter-output>
        </test-method> <!-- currentDate -->
        <test-method is-config="true" signature="tearDown()[pri:0, instance:datepicker.DaterPickerTest@35aea049]" started-at="2022-03-08T16:39:00 COT" name="tearDown" finished-at="2022-03-08T16:39:00 COT" duration-ms="0" status="PASS">
          <reporter-output>
          </reporter-output>
        </test-method> <!-- tearDown -->
      </class> <!-- datepicker.DaterPickerTest -->
    </test> <!-- Default test -->
  </suite> <!-- Default suite -->
</testng-results>
